time###???###thread###???###mamFileID###???###inDesignServerInstance###???###isNewServerAssigned###???###clientIP###???###sessionContext###???###userId###???###processID###???###documentLockedlogSeparatoropenFilesFromResponse###???###status
2013-11-06 19:24:37.881###???###main###???###null###???###null###???###false###???###null###???###null###???###null###???###null###???###null###???###null###???###PING_FROM_WEBSERVER
2013-11-06 19:24:37.882###???###main###???###null###???###http://localhost:18385->[]###???###true###???###null###???###null###???###null###???###null###???###null###???###null###???###GOT_INDS
2013-11-06 19:24:37.886###???###main###???###null###???###http://localhost:18385->[]###???###true###???###null###???###null###???###null###???###null###???###null###???###null###???###SENDING_TO_INDS
2013-11-06 19:24:38.257###???###main###???###null###???###http://localhost:18385->[]###???###true###???###null###???###null###???###null###???###null###???###null###???###null###???###RECEIVED_FROM_INDS
The response -><?xml version="1.0" encoding="UTF-8"?>
<SOAP-ENV:Envelope xmlns:SOAP-ENV="http://schemas.xmlsoap.org/soap/envelope/" xmlns:SOAP-ENC="http://schemas.xmlsoap.org/soap/encoding/" xmlns:xsi="http://www.w3.org/2001/XMLSchema-instance" xmlns:xsd="http://www.w3.org/2001/XMLSchema" xmlns:IDSP="http://ns.adobe.com/InDesign/soap/"><SOAP-ENV:Body><IDSP:RunScriptResponse><errorNumber>0</errorNumber><scriptResult><data xsi:type="xsd:string">evaluated%3D%7B%22version%22%3A7.5%2C%22versionString%22%3A%227.5.0.142%22%2C%22comet%22%3A%22Comet%203.3%22%2C%22available%22%3Afalse%2C%22errorNumber%22%3A-3%2C%22errorText%22%3A%22Admin%20directory%20is%20not%20configured%20correctly%22%7D%7Cdurations%3D%7B%7D|</data></scriptResult></IDSP:RunScriptResponse></SOAP-ENV:Body></SOAP-ENV:Envelope>
2013-11-06 19:24:38.257###???###main###???###null###???###http://localhost:18385->[]###???###true###???###null###???###null###???###null###???###null###???###null###???###[]###???###SUCCESS_FROM_INDS
2013-11-06 19:24:38.258###???###main###???###null###???###null###???###false###???###null###???###null###???###null###???###null###???###null###???###null###???###PING_FROM_WEBSERVER
2013-11-06 19:24:38.258###???###main###???###null###???###http://localhost:18386->[]###???###true###???###null###???###null###???###null###???###null###???###null###???###null###???###GOT_INDS
2013-11-06 19:24:38.258###???###main###???###null###???###http://localhost:18386->[]###???###true###???###null###???###null###???###null###???###null###???###null###???###null###???###SENDING_TO_INDS
2013-11-06 19:24:38.324###???###main###???###null###???###http://localhost:18386->[]###???###true###???###null###???###null###???###null###???###null###???###null###???###null###???###RECEIVED_FROM_INDS
The response -><?xml version="1.0" encoding="UTF-8"?>
<SOAP-ENV:Envelope xmlns:SOAP-ENV="http://schemas.xmlsoap.org/soap/envelope/" xmlns:SOAP-ENC="http://schemas.xmlsoap.org/soap/encoding/" xmlns:xsi="http://www.w3.org/2001/XMLSchema-instance" xmlns:xsd="http://www.w3.org/2001/XMLSchema" xmlns:IDSP="http://ns.adobe.com/InDesign/soap/"><SOAP-ENV:Body><IDSP:RunScriptResponse><errorNumber>0</errorNumber><scriptResult><data xsi:type="xsd:string">evaluated%3D%7B%22version%22%3A7.5%2C%22versionString%22%3A%227.5.0.142%22%2C%22comet%22%3A%22Comet%203.3%22%2C%22available%22%3Afalse%2C%22errorNumber%22%3A-3%2C%22errorText%22%3A%22Admin%20directory%20is%20not%20configured%20correctly%22%7D%7Cdurations%3D%7B%7D|</data></scriptResult></IDSP:RunScriptResponse></SOAP-ENV:Body></SOAP-ENV:Envelope>
2013-11-06 19:24:38.325###???###main###???###null###???###http://localhost:18386->[]###???###true###???###null###???###null###???###null###???###null###???###null###???###[]###???###SUCCESS_FROM_INDS
2013-11-06 19:24:38.325###???###main###???###null###???###null###???###false###???###null###???###null###???###null###???###null###???###null###???###null###???###PING_FROM_WEBSERVER
2013-11-06 19:24:38.325###???###main###???###null###???###http://localhost:18387->[]###???###true###???###null###???###null###???###null###???###null###???###null###???###null###???###GOT_INDS
2013-11-06 19:24:38.325###???###main###???###null###???###http://localhost:18387->[]###???###true###???###null###???###null###???###null###???###null###???###null###???###null###???###SENDING_TO_INDS
2013-11-06 19:24:38.398###???###main###???###null###???###http://localhost:18387->[]###???###true###???###null###???###null###???###null###???###null###???###null###???###null###???###RECEIVED_FROM_INDS
The response -><?xml version="1.0" encoding="UTF-8"?>
<SOAP-ENV:Envelope xmlns:SOAP-ENV="http://schemas.xmlsoap.org/soap/envelope/" xmlns:SOAP-ENC="http://schemas.xmlsoap.org/soap/encoding/" xmlns:xsi="http://www.w3.org/2001/XMLSchema-instance" xmlns:xsd="http://www.w3.org/2001/XMLSchema" xmlns:IDSP="http://ns.adobe.com/InDesign/soap/"><SOAP-ENV:Body><IDSP:RunScriptResponse><errorNumber>0</errorNumber><scriptResult><data xsi:type="xsd:string">evaluated%3D%7B%22version%22%3A7.5%2C%22versionString%22%3A%227.5.0.142%22%2C%22comet%22%3A%22Comet%203.3%22%2C%22available%22%3Afalse%2C%22errorNumber%22%3A-3%2C%22errorText%22%3A%22Admin%20directory%20is%20not%20configured%20correctly%22%7D%7Cdurations%3D%7B%7D|</data></scriptResult></IDSP:RunScriptResponse></SOAP-ENV:Body></SOAP-ENV:Envelope>
2013-11-06 19:24:38.399###???###main###???###null###???###http://localhost:18387->[]###???###true###???###null###???###null###???###null###???###null###???###null###???###[]###???###SUCCESS_FROM_INDS
